C applying rule r20-11.txt, eqs from dec18.txt
I    5.15] Elapsed: 5.15, vertices: 103, facets final: 9, pending: 18823, pool: 100
I   10.19] Elapsed: 10.19, vertices: 130, facets final: 9, pending: 25737, pool: 100
I   15.25] Elapsed: 15.25, vertices: 150, facets final: 10, pending: 29842, pool: 100
I   20.35] Elapsed: 20.35, vertices: 170, facets final: 12, pending: 33757, pool: 100
I   25.73] Elapsed: 25.73, vertices: 192, facets final: 14, pending: 36482, pool: 100
I   30.95] Elapsed: 30.95, vertices: 213, facets final: 16, pending: 40349, pool: 100
I   36.12] Elapsed: 36.12, vertices: 232, facets final: 16, pending: 42215, pool: 100
I   41.36] Elapsed: 41.36, vertices: 251, facets final: 22, pending: 42016, pool: 100
I   46.62] Elapsed: 46.62, vertices: 269, facets final: 23, pending: 44285, pool: 100
I   51.69] Elapsed: 51.69, vertices: 289, facets final: 25, pending: 45609, pool: 100
I   56.82] Elapsed: 56.82, vertices: 308, facets final: 27, pending: 48705, pool: 100
I   61.85] Elapsed: 1:02, vertices: 325, facets final: 28, pending: 49777, pool: 100
I   67.24] Elapsed: 1:07, vertices: 341, facets final: 29, pending: 49930, pool: 100
I   72.41] Elapsed: 1:12, vertices: 359, facets final: 31, pending: 49997, pool: 100
I   77.71] Elapsed: 1:18, vertices: 379, facets final: 36, pending: 51152, pool: 100
I   82.77] Elapsed: 1:23, vertices: 401, facets final: 42, pending: 51075, pool: 100
I   87.78] Elapsed: 1:28, vertices: 422, facets final: 49, pending: 52012, pool: 100
I   93.03] Elapsed: 1:33, vertices: 442, facets final: 53, pending: 50689, pool: 100
I   98.05] Elapsed: 1:38, vertices: 462, facets final: 61, pending: 50995, pool: 100
I  103.24] Elapsed: 1:43, vertices: 484, facets final: 67, pending: 50964, pool: 100
I  108.48] Elapsed: 1:48, vertices: 505, facets final: 78, pending: 50271, pool: 100
I  113.58] Elapsed: 1:54, vertices: 525, facets final: 83, pending: 49318, pool: 100
I  118.63] Elapsed: 1:59, vertices: 549, facets final: 91, pending: 49060, pool: 100
I  123.83] Elapsed: 2:04, vertices: 572, facets final: 95, pending: 47665, pool: 100
I  128.97] Elapsed: 2:09, vertices: 598, facets final: 116, pending: 46658, pool: 100
I  134.05] Elapsed: 2:14, vertices: 623, facets final: 130, pending: 45162, pool: 100
I  139.25] Elapsed: 2:19, vertices: 650, facets final: 140, pending: 44683, pool: 100
I  144.46] Elapsed: 2:24, vertices: 679, facets final: 158, pending: 43421, pool: 100
I  149.48] Elapsed: 2:29, vertices: 705, facets final: 172, pending: 42972, pool: 100
I  154.62] Elapsed: 2:35, vertices: 732, facets final: 185, pending: 42518, pool: 100
I  159.67] Elapsed: 2:40, vertices: 768, facets final: 203, pending: 40989, pool: 100
I  164.71] Elapsed: 2:45, vertices: 797, facets final: 221, pending: 39822, pool: 100
I  169.93] Elapsed: 2:50, vertices: 834, facets final: 253, pending: 39015, pool: 100
I  175.09] Elapsed: 2:55, vertices: 868, facets final: 282, pending: 38359, pool: 100
I  180.09] Elapsed: 3:00, vertices: 911, facets final: 318, pending: 37661, pool: 100
I  185.09] Elapsed: 3:05, vertices: 951, facets final: 370, pending: 36599, pool: 100
I  190.20] Elapsed: 3:10, vertices: 991, facets final: 409, pending: 35989, pool: 100
I  195.22] Elapsed: 3:15, vertices: 1025, facets final: 463, pending: 35138, pool: 100
I  200.32] Elapsed: 3:20, vertices: 1064, facets final: 518, pending: 34224, pool: 100
I  205.35] Elapsed: 3:25, vertices: 1101, facets final: 576, pending: 33887, pool: 100
I  210.39] Elapsed: 3:30, vertices: 1138, facets final: 604, pending: 33858, pool: 100
I  215.56] Elapsed: 3:36, vertices: 1171, facets final: 642, pending: 33926, pool: 100
I  220.66] Elapsed: 3:41, vertices: 1218, facets final: 703, pending: 33802, pool: 100
I  225.73] Elapsed: 3:46, vertices: 1258, facets final: 762, pending: 33009, pool: 100
I  230.79] Elapsed: 3:51, vertices: 1296, facets final: 836, pending: 32356, pool: 100
I  235.80] Elapsed: 3:56, vertices: 1338, facets final: 892, pending: 32218, pool: 100
I  240.90] Elapsed: 4:01, vertices: 1376, facets final: 951, pending: 32255, pool: 100
I  245.92] Elapsed: 4:06, vertices: 1426, facets final: 1053, pending: 32025, pool: 99
I  250.97] Elapsed: 4:11, vertices: 1476, facets final: 1121, pending: 30844, pool: 100
I  255.99] Elapsed: 4:16, vertices: 1519, facets final: 1247, pending: 30356, pool: 100
I  261.02] Elapsed: 4:21, vertices: 1569, facets final: 1354, pending: 29706, pool: 100
I  266.19] Elapsed: 4:26, vertices: 1619, facets final: 1432, pending: 30167, pool: 100
I  271.26] Elapsed: 4:31, vertices: 1662, facets final: 1587, pending: 29895, pool: 100
I  276.32] Elapsed: 4:36, vertices: 1704, facets final: 1715, pending: 29750, pool: 100
I  281.33] Elapsed: 4:41, vertices: 1761, facets final: 1859, pending: 29679, pool: 99
I  286.52] Elapsed: 4:47, vertices: 1805, facets final: 2019, pending: 29444, pool: 100
I  291.52] Elapsed: 4:52, vertices: 1847, facets final: 2118, pending: 28769, pool: 100
I  296.53] Elapsed: 4:57, vertices: 1903, facets final: 2273, pending: 27903, pool: 100
I  301.55] Elapsed: 5:02, vertices: 1951, facets final: 2468, pending: 27626, pool: 100
I  306.55] Elapsed: 5:07, vertices: 2006, facets final: 2691, pending: 27067, pool: 100
I  311.55] Elapsed: 5:12, vertices: 2059, facets final: 2992, pending: 26222, pool: 100
I  316.56] Elapsed: 5:17, vertices: 2115, facets final: 3318, pending: 25509, pool: 100
I  321.62] Elapsed: 5:22, vertices: 2175, facets final: 3757, pending: 24692, pool: 100
I  326.63] Elapsed: 5:27, vertices: 2237, facets final: 4268, pending: 23886, pool: 100
I  331.63] Elapsed: 5:32, vertices: 2288, facets final: 4770, pending: 23103, pool: 97
I  336.64] Elapsed: 5:37, vertices: 2345, facets final: 5534, pending: 22137, pool: 98
I  341.64] Elapsed: 5:42, vertices: 2404, facets final: 6700, pending: 20634, pool: 93
I  346.65] Elapsed: 5:47, vertices: 2463, facets final: 8059, pending: 19108, pool: 87
I  351.67] Elapsed: 5:52, vertices: 2516, facets final: 9803, pending: 17180, pool: 82
I  356.67] Elapsed: 5:57, vertices: 2570, facets final: 11516, pending: 15256, pool: 65
I  361.79] Elapsed: 6:02, vertices: 2600, facets final: 13110, pending: 14224, pool: 81
I  366.79] Elapsed: 6:07, vertices: 2634, facets final: 15560, pending: 11495, pool: 91
I  371.79] Elapsed: 6:12, vertices: 2668, facets final: 18649, pending: 8280, pool: 80
I  376.79] Elapsed: 6:17, vertices: 2699, facets final: 21842, pending: 5068, pool: 60
I  381.79] Elapsed: 6:22, vertices: 2753, facets final: 25129, pending: 1751, pool: 19
I  384.25] Elapsed: 6:24, vertices: 2788, facets final: 26859, pending: 0

--------------------------------
Problem completed
 name                    10-12-1983-a.vlp
 output                  solution/10-12-1983-a.res
 rows, cols, objs        12, 1983, 10
 vertices, facets        2788, 26859
 total time              6:24
--------------------------------
Statistics
LP:
 oracle calls            30180
   avg iterations/calls  5.81
 total oracle time       35.54
Combinatorics:
 vertices added          2788
 facets probed           36667
 facets # max            52475
 memory allocated        50.54M
 storage expansion
   vertices # / upto     22 / 2812
   facets   # / upto     13 / 53244
 facet manipulating
   added avg / max       195.48 / 3.51k
   compressed            178
 number of ridge tests
   avg / max             6.65M / 97.32M
--------------------------------
Parameters with non-default values
 OracleItLimit=30000
 VertexPoolSize=100
