C applying rule r01-11.txt, eqs from eqall.txt
C MOLP problem=10-12-844-a.vlp, minimize
C rows=12, columns=844, objectives=10
I    1.04] Elapsed: 1.04, vertices: 77, facets final: 817, pending: 0

--------------------------------
Problem completed
 name                    10-12-844-a.vlp
 output                  solution/10-12-844-a.res
 rows, cols, objs        12, 844, 10
 vertices, facets        77, 817
 total time              1.04
--------------------------------
Statistics
LP:
 oracle calls            894
   avg iterations/calls  3.37
 total oracle time       0.99
Combinatorics:
 vertices added          77
 facets probed           894
 facets # max            820
 memory allocated        536.93k
 storage expansion
   vertices # / upto     1 / 124
   facets   # / upto     1 / 4092
 facet manipulating
   compress / increase   0 / 0
   added avg / max       28.82 / 112.00
 number of ridge tests
   avg / max             6.25k / 26.62k
--------------------------------
Parameters with new values
 RandomFacet = 1
