C applying rule r02-11.txt, eqs from eqall.txt
C MOLP problem=10-10-873-a.vlp, maximize
C rows=12, columns=873, objectives=10
I    0.36] recalculating facets...
I    1.65] Elapsed: 1.65, vertices: 150, facets final: 1137, pending: 0

--------------------------------
Problem completed
 name                    10-10-873-a.vlp
 output                  10-10-873-a.res
 rows, cols, objs        12, 873, 10
 vertices, facets        150, 1137
 total time              1.65
--------------------------------
Statistics
LP:
 oracle calls            1287
   avg iterations/calls  4.00
 total oracle time       1.53
Combinatorics:
 vertices added          150
 facets probed           1287
 facets # max            1162
 memory allocated        686.11k
 storage expansion
   vertices # / upto     2 / 252
   facets   # / upto     1 / 4092
 facet manipulating
   compress / increase   0 / 0
   added avg / max       25.53 / 113.00
 number of ridge tests
   avg / max             11.44k / 63.28k
--------------------------------
Parameters with new values
 RandomFacet = 1
