C t, an=7, zm=7, type=cd
C MOLP problem=19-376-1917-a.vlp, minimize
C rows=376, columns=1917, objectives=19
I    4.03] Elapsed: 4.03, vertices: 47, facets final: 150, pending: 0

--------------------------------
Problem completed
 name                    19-376-1917-a.vlp
 output                  solution/19-376-1917-a.res
 rows, cols, objs        376, 1917, 19
 vertices, facets        47, 150
 total time              4.03
--------------------------------
Statistics
LP:
 oracle calls            197
   avg iterations/calls  209.17
 total oracle time       4.03
Combinatorics:
 vertices added          47
 facets probed           197
 facets # max            157
 memory allocated        846.96k
 storage expansion
   vertices # / upto     1 / 124
   facets   # / upto     1 / 4092
 facet manipulating
   compress / increase   0 / 0
   added avg / max       19.67 / 86.00
 number of ridge tests
   avg / max             504.39 / 2.54k
--------------------------------
Parameters with new values
 RandomFacet = 1
