C maximal rule for r=c:ab; a,r,c,d
I    6.92] Elapsed: 6.92, vertices: 95, facets final: 477, pending: 59360, pool: 6
I   15.25] Elapsed: 15.25, vertices: 97, facets final: 477, pending: 55952, pool: 5
I   21.28] Elapsed: 21.28, vertices: 99, facets final: 477, pending: 56416, pool: 4
I   28.23] Elapsed: 28.23, vertices: 101, facets final: 478, pending: 62537, pool: 5
I   33.70] Elapsed: 33.70, vertices: 103, facets final: 480, pending: 84635, pool: 9
I   40.98] Elapsed: 40.98, vertices: 104, facets final: 480, pending: 74859, pool: 10
I   47.47] Elapsed: 47.47, vertices: 105, facets final: 480, pending: 82923, pool: 10
I   54.79] Elapsed: 54.79, vertices: 106, facets final: 480, pending: 73007, pool: 9
I   59.89] Elapsed: 59.89, vertices: 107, facets final: 481, pending: 59206, pool: 9
I   65.32] Elapsed: 1:05, vertices: 109, facets final: 482, pending: 40061, pool: 10
I   70.47] Elapsed: 1:10, vertices: 114, facets final: 484, pending: 32691, pool: 9
I   75.59] Elapsed: 1:16, vertices: 140, facets final: 3874, pending: 22170, pool: 1
I   79.17] Elapsed: 1:19, vertices: 140, facets final: 26044, pending: 0

--------------------------------
Problem completed
 name                    21-22-87-a.vlp
 output                  solution/21-22-87-a.res
 rows, cols, objs        21, 88, 22
 vertices, facets        140, 26044
 total time              1:19
--------------------------------
Statistics
LP:
 oracle calls            26266
   avg iterations/calls  11.82
 total oracle time       4.23
Combinatorics:
 vertices added          140
 facets probed           26295
 facets # max            85116
 memory allocated        33.96M
 storage expansion
   vertices # / upto     2 / 252
   facets   # / upto     9 / 86012
 facet manipulating
   added avg / max       3.08k / 45.49k
   compressed            30
 number of ridge tests
   avg / max             75.75M / 1.06G
--------------------------------
Parameters with non-default values
 VertexPoolSize=10
