C maximal rule for r=c:ab; ar,br,cr,dr
C MOLP problem=22-22-88-f.vlp, minimize
C rows=22, columns=88, objectives=22
I    5.59] Elapsed: 5.59, vertices: 36, facets final: 1399, pending: 10197
I   11.19] Elapsed: 11.19, vertices: 47, facets final: 1430, pending: 15027
I   16.51] Elapsed: 16.51, vertices: 57, facets final: 1450, pending: 14187
I   19.51] Elapsed: 19.51, vertices: 66, facets final: 11465, pending: 0

--------------------------------
Problem completed
 name                    22-22-88-f.vlp
 output                  solution/22-22-88-f.res
 rows, cols, objs        22, 88, 22
 vertices, facets        66, 11465
 total time              19.51
--------------------------------
Statistics
LP:
 oracle calls            11531
   avg iterations/calls  9.04
 total oracle time       1.50
Combinatorics:
 vertices added          66
 facets probed           11531
 facets # max            19474
 memory allocated        6.26M
 storage expansion
   vertices # / upto     1 / 124
   facets   # / upto     7 / 28668
 facet manipulating
   compress / increase   25 / 3
   added avg / max       1.03k / 9.00k
 number of ridge tests
   avg / max             7.23M / 40.55M
--------------------------------
Parameters with new values
 RandomFacet = 1
