C maximal rule for rs=cd:ab; a,d,r,s
C MOLP problem=22-30-139-a.vlp, minimize
C rows=30, columns=139, objectives=22
I    5.37] Elapsed: 5.37, vertices: 37, facets final: 36, pending: 29642
I   11.54] Elapsed: 11.54, vertices: 40, facets final: 36, pending: 19578
I   16.80] Elapsed: 16.80, vertices: 44, facets final: 36, pending: 18448
I   23.22] Elapsed: 23.22, vertices: 46, facets final: 37, pending: 37357
I   32.11] Elapsed: 32.11, vertices: 47, facets final: 38, pending: 32379
I   38.40] Elapsed: 38.40, vertices: 49, facets final: 38, pending: 32264
I   45.39] Elapsed: 45.39, vertices: 51, facets final: 38, pending: 23977
I   51.29] Elapsed: 51.29, vertices: 53, facets final: 38, pending: 34958
I   58.14] Elapsed: 58.14, vertices: 54, facets final: 39, pending: 34221
I   66.21] Elapsed: 1:06, vertices: 55, facets final: 39, pending: 38295
I   76.05] Elapsed: 1:16, vertices: 56, facets final: 39, pending: 35615
I   81.25] Elapsed: 1:21, vertices: 57, facets final: 40, pending: 36794
I   88.63] Elapsed: 1:29, vertices: 60, facets final: 40, pending: 32858
I   95.88] Elapsed: 1:36, vertices: 62, facets final: 40, pending: 32878
I  105.58] Elapsed: 1:46, vertices: 64, facets final: 40, pending: 31870
I  116.25] Elapsed: 1:56, vertices: 66, facets final: 40, pending: 41475
I  121.89] Elapsed: 2:02, vertices: 68, facets final: 40, pending: 41485
I  130.04] Elapsed: 2:10, vertices: 69, facets final: 40, pending: 46773
I  140.41] Elapsed: 2:20, vertices: 70, facets final: 40, pending: 43781
I  149.62] Elapsed: 2:30, vertices: 72, facets final: 40, pending: 38540
I  156.07] Elapsed: 2:36, vertices: 74, facets final: 40, pending: 34214
I  162.13] Elapsed: 2:42, vertices: 76, facets final: 40, pending: 32382
I  168.41] Elapsed: 2:48, vertices: 77, facets final: 40, pending: 33194
I  174.03] Elapsed: 2:54, vertices: 79, facets final: 41, pending: 27909
I  181.85] Elapsed: 3:02, vertices: 81, facets final: 41, pending: 28166
I  187.88] Elapsed: 3:08, vertices: 84, facets final: 42, pending: 30521
I  195.15] Elapsed: 3:15, vertices: 88, facets final: 42, pending: 28675
I  200.68] Elapsed: 3:21, vertices: 93, facets final: 43, pending: 26302
I  206.20] Elapsed: 3:26, vertices: 98, facets final: 43, pending: 26806
I  208.61] recalculating facets...
I  213.10] Elapsed: 3:33, vertices: 101, facets final: 43, pending: 28254
I  218.47] Elapsed: 3:38, vertices: 105, facets final: 43, pending: 31347
I  223.72] Elapsed: 3:44, vertices: 108, facets final: 43, pending: 25359
I  229.33] Elapsed: 3:49, vertices: 113, facets final: 50, pending: 21472
I  234.73] Elapsed: 3:55, vertices: 116, facets final: 55, pending: 19402
I  240.15] Elapsed: 4:00, vertices: 122, facets final: 82, pending: 15051
I  245.17] Elapsed: 4:05, vertices: 134, facets final: 106, pending: 11758
I  251.12] Elapsed: 4:11, vertices: 145, facets final: 161, pending: 24222
I  257.06] Elapsed: 4:17, vertices: 150, facets final: 227, pending: 23340
I  262.32] Elapsed: 4:22, vertices: 160, facets final: 390, pending: 18953
I  267.32] Elapsed: 4:27, vertices: 166, facets final: 996, pending: 18011
I  272.32] Elapsed: 4:32, vertices: 177, facets final: 6478, pending: 30296
I  277.32] Elapsed: 4:37, vertices: 178, facets final: 23999, pending: 12785
I  280.81] Elapsed: 4:41, vertices: 178, facets final: 36784, pending: 0

--------------------------------
Problem completed
 name                    22-30-139-a.vlp
 output                  solution/22-30-139-a.res
 rows, cols, objs        30, 139, 22
 vertices, facets        178, 36784
 total time              4:41
--------------------------------
Statistics
LP:
 oracle calls            36962
   avg iterations/calls  19.61
 total oracle time       10.34
Combinatorics:
 vertices added          178
 facets probed           36962
 facets # max            46814
 memory allocated        17.08M
 storage expansion
   vertices # / upto     2 / 252
   facets   # / upto     17 / 69628
 facet manipulating
   compress / increase   127 / 6
   added avg / max       1.87k / 17.82k
 number of ridge tests
   avg / max             34.22M / 282.28M
--------------------------------
Parameters with new values
 RandomFacet = 1
